Ошибка создания ReflectionClass или ReflectionMethod.
Ошибка: Class Favicon.icoController does not exist
Файл: /var/www/diary.loc/controllers/project_controllers/FrontController.php
Строка: 69

Ошибка создания ReflectionClass или ReflectionMethod.
Ошибка: Method tratataAction does not exist
Файл: /var/www/diary.loc/controllers/project_controllers/FrontController.php
Строка: 71

Ошибка создания ReflectionClass или ReflectionMethod.
Ошибка: Class Favicon.icoController does not exist
Файл: /var/www/diary.loc/controllers/project_controllers/FrontController.php
Строка: 69

Ошибка создания ReflectionClass или ReflectionMethod.
Ошибка: Method tratataAction does not exist
Файл: /var/www/diary.loc/controllers/project_controllers/FrontController.php
Строка: 71

Ошибка создания ReflectionClass или ReflectionMethod.
Ошибка: Class Favicon.icoController does not exist
Файл: /var/www/diary.loc/controllers/project_controllers/FrontController.php
Строка: 69

Ошибка создания ReflectionClass или ReflectionMethod.
Ошибка: Method tratataAction does not exist
Файл: /var/www/diary.loc/controllers/project_controllers/FrontController.php
Строка: 72

Ошибка создания ReflectionClass или ReflectionMethod.
Ошибка: Class Favicon.icoController does not exist
Файл: /var/www/diary.loc/controllers/project_controllers/FrontController.php
Строка: 70

Ошибка создания ReflectionClass или ReflectionMethod.
Ошибка: Class Favicon.icoController does not exist
Файл: /var/www/diary.loc/controllers/project_controllers/FrontController.php
Строка: 70

Ошибка создания ReflectionClass или ReflectionMethod.
Ошибка: Class Favicon.icoController does not exist
Файл: /var/www/diary.loc/controllers/project_controllers/FrontController.php
Строка: 70

Ошибка создания ReflectionClass или ReflectionMethod.
Ошибка: Class Favicon.icoController does not exist
Файл: /var/www/diary.loc/controllers/project_controllers/FrontController.php
Строка: 70

Ошибка создания ReflectionClass или ReflectionMethod.
Ошибка: Class Favicon.icoController does not exist
Файл: /var/www/diary.loc/controllers/project_controllers/FrontController.php
Строка: 70

Ошибка создания ReflectionClass или ReflectionMethod.
Ошибка: Class Favicon.icoController does not exist
Файл: /var/www/diary.loc/controllers/project_controllers/FrontController.php
Строка: 70

Ошибка создания ReflectionClass или ReflectionMethod.
Ошибка: Class Favicon.icoController does not exist
Файл: /var/www/diary.loc/controllers/project_controllers/FrontController.php
Строка: 70

Ошибка создания ReflectionClass или ReflectionMethod.
Ошибка: Class Favicon.icoController does not exist
Файл: /var/www/diary.loc/controllers/project_controllers/FrontController.php
Строка: 70

Ошибка создания ReflectionClass или ReflectionMethod.
Ошибка: Class Favicon.icoController does not exist
Файл: /var/www/diary.loc/controllers/project_controllers/FrontController.php
Строка: 70

Ошибка создания ReflectionClass или ReflectionMethod.
Ошибка: Class Favicon.icoController does not exist
Файл: /var/www/diary.loc/controllers/project_controllers/FrontController.php
Строка: 70

Ошибка создания ReflectionClass или ReflectionMethod.
Ошибка: Class Favicon.icoController does not exist
Файл: /var/www/diary.loc/controllers/project_controllers/FrontController.php
Строка: 70

Ошибка создания ReflectionClass или ReflectionMethod.
Ошибка: Class Favicon.icoController does not exist
Файл: /var/www/diary.loc/controllers/project_controllers/FrontController.php
Строка: 70

Ошибка создания ReflectionClass или ReflectionMethod.
Ошибка: Class Favicon.icoController does not exist
Файл: /var/www/diary.loc/controllers/project_controllers/FrontController.php
Строка: 70

Ошибка создания ReflectionClass или ReflectionMethod.
Ошибка: Class Favicon.icoController does not exist
Файл: /var/www/diary.loc/controllers/project_controllers/FrontController.php
Строка: 70

Ошибка создания ReflectionClass или ReflectionMethod.
Ошибка: Class Favicon.icoController does not exist
Файл: /var/www/diary.loc/controllers/project_controllers/FrontController.php
Строка: 70

Ошибка создания ReflectionClass или ReflectionMethod.
Ошибка: Class Favicon.icoController does not exist
Файл: /var/www/diary.loc/controllers/project_controllers/FrontController.php
Строка: 70

Ошибка создания ReflectionClass или ReflectionMethod.
Ошибка: Class Favicon.icoController does not exist
Файл: /var/www/diary.loc/controllers/project_controllers/FrontController.php
Строка: 70

Ошибка создания ReflectionClass или ReflectionMethod.
Ошибка: Class Favicon.icoController does not exist
Файл: /var/www/diary.loc/controllers/project_controllers/FrontController.php
Строка: 70

Ошибка создания ReflectionClass или ReflectionMethod.
Ошибка: Class Favicon.icoController does not exist
Файл: /var/www/diary.loc/controllers/project_controllers/FrontController.php
Строка: 70

Ошибка создания ReflectionClass или ReflectionMethod.
Ошибка: Class Favicon.icoController does not exist
Файл: /var/www/diary.loc/controllers/project_controllers/FrontController.php
Строка: 70

Ошибка создания ReflectionClass или ReflectionMethod.
Ошибка: Class Favicon.icoController does not exist
Файл: /var/www/diary.loc/controllers/project_controllers/FrontController.php
Строка: 70

